<?xml version="1.0" encoding="UTF-8"?>
<testng-results ignored="0" total="1" passed="1" failed="0" skipped="0">
  <reporter-output>
  </reporter-output>
  <suite started-at="2024-03-21T04:26:17 EET" name="Default suite" finished-at="2024-03-21T04:26:34 EET" duration-ms="16956">
    <groups>
    </groups>
    <test started-at="2024-03-21T04:26:17 EET" name="Default test" finished-at="2024-03-21T04:26:34 EET" duration-ms="16956">
      <class name="FlightMultiCityProccess.FlightMultiCityTest">
        <test-method is-config="true" signature="setup()[pri:0, instance:FlightMultiCityProccess.FlightMultiCityTest@50ecde95]" started-at="2024-03-21T04:26:17 EET" name="setup" finished-at="2024-03-21T04:26:20 EET" duration-ms="3215" status="PASS">
          <reporter-output>
          </reporter-output>
        </test-method> <!-- setup -->
        <test-method signature="flightMultiCityProccess()[pri:0, instance:FlightMultiCityProccess.FlightMultiCityTest@50ecde95]" started-at="2024-03-21T04:26:20 EET" name="flightMultiCityProccess" finished-at="2024-03-21T04:26:34 EET" duration-ms="13694" status="PASS">
          <reporter-output>
          </reporter-output>
        </test-method> <!-- flightMultiCityProccess -->
      </class> <!-- FlightMultiCityProccess.FlightMultiCityTest -->
    </test> <!-- Default test -->
  </suite> <!-- Default suite -->
</testng-results>
